[ 2025-04-09 18:46:19,141 ] 112 root INFO - Entered the data ingestion method/component
[ 2025-04-09 18:46:22,627 ] 104 root INFO - MA, MACD, RSI columns added in dataset
              open    high     low   close      volume  ...        rsi      macd  macd_signal  target  next_day_close
1999-11-29  104.94  104.94  103.37  104.19   5677700.0  ...  39.093658 -1.793318    -0.998341       0          103.06
1999-11-30  103.69  104.50  102.12  103.06   5758700.0  ...  36.716829 -1.507554    -0.799596       1          103.42
1999-12-01  102.56  104.44  102.25  103.42   5336400.0  ...  37.145656 -1.005832    -0.622607       1          105.27
1999-12-02  103.44  106.31  103.37  105.27   6216900.0  ...  39.338031 -0.387477    -0.526801       1          111.87
1999-12-03  109.81  112.87  107.94  111.87  14680300.0  ...  48.898792  0.219042    -0.561632       1          116.00

[5 rows x 13 columns]
[ 2025-04-09 18:46:22,726 ] 69 root INFO - [\u2714] Daily data for IBM saved to artifact\data.csv
[ 2025-04-09 18:46:22,727 ] 117 root INFO - Train-test split initiated
[ 2025-04-09 18:46:22,798 ] 123 root INFO - Ingestion of the data is completed
[ 2025-04-09 18:46:22,829 ] 57 root INFO - Read train and test data completed
[ 2025-04-09 18:46:22,829 ] 69 root INFO - Obtaining preprocessor object for task: regression
[ 2025-04-09 18:46:22,829 ] 40 root INFO - Numerical columns :['open', 'high', 'low', 'close', 'volume', 'ma_5', 'ma_20', 'daily_return', 'rsi', 'macd', 'macd_signal']
[ 2025-04-09 18:46:22,829 ] 81 root INFO - Applying preprocessor object on training and testing data
[ 2025-04-09 18:46:22,829 ] 90 root INFO - Saving preprocessing object to: artifact\reg_preprocessor.pkl
[ 2025-04-09 18:46:22,841 ] 30 root INFO - \U0001f4e6 Starting model trainer pipeline.
[ 2025-04-09 18:46:22,841 ] 31 root INFO - \U0001f500 Splitting training and testing data arrays.
[ 2025-04-09 18:46:22,841 ] 40 root INFO - \U0001f4ca Task type detected: regression
[ 2025-04-09 18:46:22,841 ] 44 root INFO - \U0001f9e0 Initializing regression models and hyperparameters.
[ 2025-04-09 18:46:22,841 ] 119 root INFO - \U0001f680 Starting model evaluation...
[ 2025-04-09 18:46:22,841 ] 29 root INFO - \u2699\ufe0f Training model: Linear Regression
[ 2025-04-09 18:46:25,763 ] 32 root INFO - \u2705 Finished training: Linear Regression
[ 2025-04-09 18:46:25,764 ] 43 root INFO - \U0001f4c8 Linear Regression score: 0.9997777677718603
[ 2025-04-09 18:46:25,765 ] 29 root INFO - \u2699\ufe0f Training model: Decision Tree
[ 2025-04-09 18:46:29,151 ] 32 root INFO - \u2705 Finished training: Decision Tree
[ 2025-04-09 18:46:29,151 ] 43 root INFO - \U0001f4c8 Decision Tree score: 0.9990117020004305
[ 2025-04-09 18:46:29,151 ] 29 root INFO - \u2699\ufe0f Training model: Gradient Boosting Regressor
[ 2025-04-09 18:48:42,300 ] 32 root INFO - \u2705 Finished training: Gradient Boosting Regressor
[ 2025-04-09 18:48:42,305 ] 43 root INFO - \U0001f4c8 Gradient Boosting Regressor score: 0.9997376579377341
[ 2025-04-09 18:48:42,305 ] 29 root INFO - \u2699\ufe0f Training model: Random Forest Regressor
[ 2025-04-09 18:49:11,313 ] 32 root INFO - \u2705 Finished training: Random Forest Regressor
[ 2025-04-09 18:49:11,375 ] 43 root INFO - \U0001f4c8 Random Forest Regressor score: 0.9994007675925998
[ 2025-04-09 18:49:11,375 ] 29 root INFO - \u2699\ufe0f Training model: XGBRegressor
[ 2025-04-09 18:49:18,153 ] 32 root INFO - \u2705 Finished training: XGBRegressor
[ 2025-04-09 18:49:18,153 ] 43 root INFO - \U0001f4c8 XGBRegressor score: 0.9997395931354597
[ 2025-04-09 18:49:18,153 ] 29 root INFO - \u2699\ufe0f Training model: AdaBoost Regressor
[ 2025-04-09 18:49:44,247 ] 32 root INFO - \u2705 Finished training: AdaBoost Regressor
[ 2025-04-09 18:49:44,297 ] 43 root INFO - \U0001f4c8 AdaBoost Regressor score: 0.9931777393136196
[ 2025-04-09 18:49:44,297 ] 127 root INFO - \u2705 Model evaluation completed.
[ 2025-04-09 18:49:44,297 ] 142 root INFO - \U0001f3c6 Best model selected: Linear Regression with score: 0.9997777677718603
[ 2025-04-09 18:49:44,297 ] 151 root INFO - \U0001f4be Saving best regression model: 'Linear Regression' to file: Artifact\model_reg.pkl
[ 2025-04-09 18:49:44,297 ] 153 root INFO - \U0001f4c1 Model 'Linear Regression' has been successfully saved.
[ 2025-04-09 18:49:44,310 ] 156 root INFO - \U0001f50d Performing final evaluation on test set...
[ 2025-04-09 18:49:44,310 ] 160 root INFO - \U0001f3af Final regression score on test data: 0.9997777677718603
[ 2025-04-09 18:49:44,344 ] 57 root INFO - Read train and test data completed
[ 2025-04-09 18:49:44,344 ] 69 root INFO - Obtaining preprocessor object for task: classification
[ 2025-04-09 18:49:44,344 ] 40 root INFO - Numerical columns :['open', 'high', 'low', 'close', 'volume', 'ma_5', 'ma_20', 'daily_return', 'rsi', 'macd', 'macd_signal']
[ 2025-04-09 18:49:44,345 ] 81 root INFO - Applying preprocessor object on training and testing data
[ 2025-04-09 18:49:44,349 ] 90 root INFO - Saving preprocessing object to: artifact\clf_preprocessor.pkl
[ 2025-04-09 18:49:44,355 ] 30 root INFO - \U0001f4e6 Starting model trainer pipeline.
[ 2025-04-09 18:49:44,355 ] 31 root INFO - \U0001f500 Splitting training and testing data arrays.
[ 2025-04-09 18:49:44,355 ] 40 root INFO - \U0001f4ca Task type detected: classification
[ 2025-04-09 18:49:44,355 ] 81 root INFO - \U0001f9e0 Initializing classification models and hyperparameters.
[ 2025-04-09 18:49:44,355 ] 119 root INFO - \U0001f680 Starting model evaluation...
[ 2025-04-09 18:49:44,355 ] 29 root INFO - \u2699\ufe0f Training model: Logistic Regression
[ 2025-04-09 18:49:44,412 ] 32 root INFO - \u2705 Finished training: Logistic Regression
[ 2025-04-09 18:49:44,413 ] 43 root INFO - \U0001f4c8 Logistic Regression score: 0.9960629921259843
[ 2025-04-09 18:49:44,413 ] 29 root INFO - \u2699\ufe0f Training model: Decision Tree Classifier
[ 2025-04-09 18:49:44,482 ] 32 root INFO - \u2705 Finished training: Decision Tree Classifier
[ 2025-04-09 18:49:44,482 ] 43 root INFO - \U0001f4c8 Decision Tree Classifier score: 1.0
[ 2025-04-09 18:49:44,482 ] 29 root INFO - \u2699\ufe0f Training model: Random Forest Classifier
[ 2025-04-09 18:49:47,311 ] 32 root INFO - \u2705 Finished training: Random Forest Classifier
[ 2025-04-09 18:49:47,311 ] 43 root INFO - \U0001f4c8 Random Forest Classifier score: 1.0
[ 2025-04-09 18:49:47,311 ] 29 root INFO - \u2699\ufe0f Training model: Gradient Boosting Classifier
[ 2025-04-09 18:50:01,806 ] 32 root INFO - \u2705 Finished training: Gradient Boosting Classifier
[ 2025-04-09 18:50:01,807 ] 43 root INFO - \U0001f4c8 Gradient Boosting Classifier score: 1.0
[ 2025-04-09 18:50:01,807 ] 29 root INFO - \u2699\ufe0f Training model: AdaBoost Classifier
[ 2025-04-09 18:50:02,096 ] 32 root INFO - \u2705 Finished training: AdaBoost Classifier
[ 2025-04-09 18:50:02,098 ] 43 root INFO - \U0001f4c8 AdaBoost Classifier score: 1.0
[ 2025-04-09 18:50:02,098 ] 29 root INFO - \u2699\ufe0f Training model: XGBClassifier
[ 2025-04-09 18:50:03,856 ] 32 root INFO - \u2705 Finished training: XGBClassifier
[ 2025-04-09 18:50:03,864 ] 43 root INFO - \U0001f4c8 XGBClassifier score: 0.9976377952755906
[ 2025-04-09 18:50:03,864 ] 127 root INFO - \u2705 Model evaluation completed.
[ 2025-04-09 18:50:03,864 ] 142 root INFO - \U0001f3c6 Best model selected: XGBClassifier with score: 0.9976377952755906
[ 2025-04-09 18:50:03,864 ] 151 root INFO - \U0001f4be Saving best classification model: 'XGBClassifier' to file: Artifact\model_cls.pkl
[ 2025-04-09 18:50:03,876 ] 153 root INFO - \U0001f4c1 Model 'XGBClassifier' has been successfully saved.
[ 2025-04-09 18:50:03,876 ] 156 root INFO - \U0001f50d Performing final evaluation on test set...
[ 2025-04-09 18:50:03,876 ] 160 root INFO - \U0001f3af Final classification score on test data: 0.9976377952755906
