[ 2025-04-09 19:32:50,296 ] 97 werkzeug INFO - [31m[1mWARNING: This is a development server. Do not use it in a production deployment. Use a production WSGI server instead.[0m
 * Running on all addresses (0.0.0.0)
 * Running on http://127.0.0.1:8080
 * Running on http://10.30.27.52:8080
[ 2025-04-09 19:32:50,297 ] 97 werkzeug INFO - [33mPress CTRL+C to quit[0m
[ 2025-04-09 19:32:58,988 ] 97 werkzeug INFO - 127.0.0.1 - - [09/Apr/2025 19:32:58] "GET / HTTP/1.1" 200 -
[ 2025-04-09 19:32:59,713 ] 97 werkzeug INFO - 127.0.0.1 - - [09/Apr/2025 19:32:59] "GET /predictdata HTTP/1.1" 200 -
[ 2025-04-09 19:33:08,945 ] 104 root INFO - MA, MACD, RSI columns added in dataset
              open    high     low   close      volume  ...        rsi      macd  macd_signal  target  next_day_close
1999-11-29  104.94  104.94  103.37  104.19   5677700.0  ...  39.093658 -1.793318    -0.998341       0          103.06
1999-11-30  103.69  104.50  102.12  103.06   5758700.0  ...  36.716829 -1.507554    -0.799596       1          103.42
1999-12-01  102.56  104.44  102.25  103.42   5336400.0  ...  37.145656 -1.005832    -0.622607       1          105.27
1999-12-02  103.44  106.31  103.37  105.27   6216900.0  ...  39.338031 -0.387477    -0.526801       1          111.87
1999-12-03  109.81  112.87  107.94  111.87  14680300.0  ...  48.898792  0.219042    -0.561632       1          116.00

[5 rows x 13 columns]
[ 2025-04-09 19:33:09,279 ] 69 root INFO - [\u2714] Daily data for IBM saved to artifact\data.csv
[ 2025-04-09 19:33:09,291 ] 37 root INFO - Prediction using regression model for IBM: 263.3378822288193
[ 2025-04-09 19:33:09,292 ] 875 app ERROR - Exception on /predictdata [POST]
Traceback (most recent call last):
  File "C:\Users\V_Tushar.Jadhav\Desktop\AI\Stock_project\Stock_Price_Prediction\env\Lib\site-packages\flask\app.py", line 1511, in wsgi_app
    response = self.full_dispatch_request()
               ^^^^^^^^^^^^^^^^^^^^^^^^^^^^
  File "C:\Users\V_Tushar.Jadhav\Desktop\AI\Stock_project\Stock_Price_Prediction\env\Lib\site-packages\flask\app.py", line 920, in full_dispatch_request
    return self.finalize_request(rv)
           ^^^^^^^^^^^^^^^^^^^^^^^^^
  File "C:\Users\V_Tushar.Jadhav\Desktop\AI\Stock_project\Stock_Price_Prediction\env\Lib\site-packages\flask\app.py", line 939, in finalize_request
    response = self.make_response(rv)
               ^^^^^^^^^^^^^^^^^^^^^^
  File "C:\Users\V_Tushar.Jadhav\Desktop\AI\Stock_project\Stock_Price_Prediction\env\Lib\site-packages\flask\app.py", line 1212, in make_response
    raise TypeError(
TypeError: The view function for 'predict_datapoint' did not return a valid response. The function either returned None or ended without a return statement.
[ 2025-04-09 19:33:09,295 ] 97 werkzeug INFO - 127.0.0.1 - - [09/Apr/2025 19:33:09] "[35m[1mPOST /predictdata HTTP/1.1[0m" 500 -
[ 2025-04-09 19:33:22,045 ] 104 root INFO - MA, MACD, RSI columns added in dataset
              open    high     low   close      volume  ...        rsi      macd  macd_signal  target  next_day_close
1999-11-29  104.94  104.94  103.37  104.19   5677700.0  ...  39.093658 -1.793318    -0.998341       0          103.06
1999-11-30  103.69  104.50  102.12  103.06   5758700.0  ...  36.716829 -1.507554    -0.799596       1          103.42
1999-12-01  102.56  104.44  102.25  103.42   5336400.0  ...  37.145656 -1.005832    -0.622607       1          105.27
1999-12-02  103.44  106.31  103.37  105.27   6216900.0  ...  39.338031 -0.387477    -0.526801       1          111.87
1999-12-03  109.81  112.87  107.94  111.87  14680300.0  ...  48.898792  0.219042    -0.561632       1          116.00

[5 rows x 13 columns]
[ 2025-04-09 19:33:22,194 ] 69 root INFO - [\u2714] Daily data for IBM saved to artifact\data.csv
[ 2025-04-09 19:33:22,216 ] 37 root INFO - Prediction using classification model for IBM: 0
[ 2025-04-09 19:33:22,217 ] 97 werkzeug INFO - 127.0.0.1 - - [09/Apr/2025 19:33:22] "POST /predictdata HTTP/1.1" 200 -
[ 2025-04-09 19:33:31,245 ] 104 root INFO - MA, MACD, RSI columns added in dataset
              open    high     low   close      volume  ...        rsi      macd  macd_signal  target  next_day_close
1999-11-29  104.94  104.94  103.37  104.19   5677700.0  ...  39.093658 -1.793318    -0.998341       0          103.06
1999-11-30  103.69  104.50  102.12  103.06   5758700.0  ...  36.716829 -1.507554    -0.799596       1          103.42
1999-12-01  102.56  104.44  102.25  103.42   5336400.0  ...  37.145656 -1.005832    -0.622607       1          105.27
1999-12-02  103.44  106.31  103.37  105.27   6216900.0  ...  39.338031 -0.387477    -0.526801       1          111.87
1999-12-03  109.81  112.87  107.94  111.87  14680300.0  ...  48.898792  0.219042    -0.561632       1          116.00

[5 rows x 13 columns]
[ 2025-04-09 19:33:31,394 ] 69 root INFO - [\u2714] Daily data for IBM saved to artifact\data.csv
[ 2025-04-09 19:33:31,400 ] 37 root INFO - Prediction using regression model for IBM: 263.3378822288193
[ 2025-04-09 19:33:31,401 ] 875 app ERROR - Exception on /predictdata [POST]
Traceback (most recent call last):
  File "C:\Users\V_Tushar.Jadhav\Desktop\AI\Stock_project\Stock_Price_Prediction\env\Lib\site-packages\flask\app.py", line 1511, in wsgi_app
    response = self.full_dispatch_request()
               ^^^^^^^^^^^^^^^^^^^^^^^^^^^^
  File "C:\Users\V_Tushar.Jadhav\Desktop\AI\Stock_project\Stock_Price_Prediction\env\Lib\site-packages\flask\app.py", line 920, in full_dispatch_request
    return self.finalize_request(rv)
           ^^^^^^^^^^^^^^^^^^^^^^^^^
  File "C:\Users\V_Tushar.Jadhav\Desktop\AI\Stock_project\Stock_Price_Prediction\env\Lib\site-packages\flask\app.py", line 939, in finalize_request
    response = self.make_response(rv)
               ^^^^^^^^^^^^^^^^^^^^^^
  File "C:\Users\V_Tushar.Jadhav\Desktop\AI\Stock_project\Stock_Price_Prediction\env\Lib\site-packages\flask\app.py", line 1212, in make_response
    raise TypeError(
TypeError: The view function for 'predict_datapoint' did not return a valid response. The function either returned None or ended without a return statement.
[ 2025-04-09 19:33:31,402 ] 97 werkzeug INFO - 127.0.0.1 - - [09/Apr/2025 19:33:31] "[35m[1mPOST /predictdata HTTP/1.1[0m" 500 -
